 Pre-computing VACs from 14347.6841  to 14582.3159 cm-1 :
 24332 grid points at a primitive point spacing of 0.00964332 cm-1
 NU1 =  14193.0919    NU2 =  14736.9081    NUOFF =   154.592291
  Line1,Line2,NLINES = 1180562 1181800 1188067
     Freq    G  I  S   Stren      E"   PBHW   Isotopomer         E-wid  Lay  Line#  TG
 14347.322  1  1  1  1.98E-26   222.1 .108  H (16)O H             0.1   2 1180968   2
 14347.580  1  1  1  7.71E-27   885.6 .071  H (16)O H             0.1   2 1180970   2
 14347.856  1  1  1  2.35E-26   382.5 .089  H (16)O H             0.3   2 1180971   2
 14348.046  7  1 36  5.97E-28  1804.9 .026  (16)O (16)O           1.2   2 1180973   1
 14348.457  1  1  1  2.50E-27    -1.0 .070  H (16)O H             0.1   2 1180974   2
 14348.629  1  1  1  3.44E-27    -1.0 .070  H (16)O H             0.1   2 1180975   2
 14348.695  1  1  1  2.66E-27    -1.0 .070  H (16)O H             0.1   2 1180976   2
 14349.746  7  1 36  5.80E-28  1803.2 .026  (16)O (16)O           1.1   2 1180978   1
 14353.396  1  1  1  5.17E-25   224.8 .103  H (16)O H             6.7   2 1180980   2
 14354.303  1  1  1  2.68E-26  1045.1 .063  H (16)O H             0.3   2 1180981   2
 14354.478  1  1  1  1.57E-24    37.1 .105  H (16)O H            22.6   2 1180982   2
 14355.014  1  2  2  1.35E-26   223.8 .090  H (18)O H             0.2   2 1180983   2
 14355.017  1  1  1  7.02E-27    -1.0 .070  H (16)O H             0.2   2 1180984   2
 14356.337  1  1  1  2.54E-25   212.2 .095  H (16)O H             3.6   2 1180985   2
 14357.469  1  2  2  4.71E-27   221.2 .089  H (18)O H             0.1   2 1180986   2
 14357.487  1  1  1  3.47E-27    -1.0 .070  H (16)O H             0.1   2 1180987   2
 14357.583  1  1  1  1.57E-26   885.6 .101  H (16)O H             0.1   2 1180988   2
 14358.584  1  1  1  7.55E-27    -1.0 .070  H (16)O H             0.2   2 1180989   2
 14358.591  1  2  2  9.67E-27   210.8 .096  H (18)O H             0.1   2 1180990   2
 14359.519  1  1  1  3.14E-26   704.2 .089  H (16)O H             0.3   2 1180991   2
 14361.025  1  1  1  4.28E-26   325.3 .091  H (16)O H             0.6   2 1180992   2
 14361.254  1  1  1  6.21E-24    23.8 .105  H (16)O H            90.0   2 1180993   2
 14361.999  1  1  1  3.18E-27    -1.0 .070  H (16)O H             0.1   2 1180994   2
 14362.157  1  2  2  1.34E-26   172.9 .099  H (18)O H             0.2   2 1180995   2
 14362.161  1  1  1  1.28E-26  1201.9 .071  H (16)O H             0.1   2 1180996   2
 14362.506  7  1 36  1.47E-27  1608.1 .027  (16)O (16)O           3.2   2 1180998   1
 14363.061  1  1  1  3.12E-26   206.3 .097  H (16)O H             0.4   2 1180999   2
 14363.556  1  2  2  3.88E-27   379.3 .091  H (18)O H             0.0   2 1181000   2
 14363.560  1  1  1  4.37E-27    -1.0 .070  H (16)O H             0.1   2 1181001   2
 14363.901  1  1  1  1.24E-26   742.1 .102  H (16)O H             0.1   2 1181002   2
 14364.224  7  1 36  1.42E-27  1606.3 .027  (16)O (16)O           3.1   2 1181003   1
 14364.786  1  2  2  8.05E-27   298.6 .091  H (18)O H             0.1   2 1181004   2
 14364.986  1  1  1  4.40E-24    42.4 .105  H (16)O H            63.2   2 1181005   2
 14366.043  1  1  1  1.22E-25   742.1 .073  H (16)O H             1.5   2 1181007   2
 14366.100  1  2  2  3.75E-27   325.2 .083  H (18)O H             0.1   2 1181008   2
 14366.950  1  1  1  5.35E-26   315.8 .100  H (16)O H             0.7   2 1181009   2
 14367.129  7  2 37  2.78E-29  1101.5 .032  (16)O (18)O           0.1   2 1181010   1
 14367.162  1  2  2  1.05E-26   324.0 .081  H (18)O H             0.1   2 1181011   2
 14367.184  1  1  1  3.69E-26   742.1 .058  H (16)O H             0.6   2 1181012   2
 14367.421  1  1  1  9.74E-26   326.6 .098  H (16)O H             1.2   2 1181013   2
 14367.525  1  1  1  4.82E-26    70.1 .106  H (16)O H             0.7   2 1181014   2
 14367.999  1  1  1  7.16E-26   399.5 .094  H (16)O H             0.9   2 1181015   2
 14368.902  7  2 37  2.68E-29  1099.8 .032  (16)O (18)O           0.1   2 1181017   1
 14368.921  1  1  1  2.42E-26   285.4 .102  H (16)O H             0.3   2 1181018   2
 14369.202  1  1  1  2.75E-25   136.8 .106  H (16)O H             3.7   2 1181019   2
 14369.473  1  1  1  1.25E-26   285.2 .073  H (16)O H             0.2   2 1181020   2
 14369.728  1  1  1  5.76E-27   586.5 .072  H (16)O H             0.1   2 1181021   2
 14370.012  1  1  1  2.43E-26   586.2 .073  H (16)O H             0.3   2 1181022   2
 14371.062  1  1  1  3.39E-24   134.9 .104  H (16)O H            46.1   2 1181023   2
 14371.279  1  1  1  6.70E-24    79.5 .098  H (16)O H           100.4   2 1181024   2
 14372.473  1  1  1  7.18E-26   446.5 .089  H (16)O H             0.9   2 1181026   2
 14372.871  1  1  1  3.07E-25   488.1 .078  H (16)O H             4.3   2 1181027   2
 14373.105  7  2 37  3.87E-29  1025.9 .033  (16)O (18)O           0.1   2 1181028   1
 14373.303  1  1  1  1.01E-25   488.1 .074  H (16)O H             1.5   2 1181029   2
 14373.488  1  1  1  1.36E-26   602.8 .090  H (16)O H             0.2   2 1181030   2
 14373.672  1  1  1  9.04E-26   222.1 .091  H (16)O H             1.3   2 1181031   2
 14374.786  1  2  2  3.53E-27   445.3 .088  H (18)O H             0.0   2 1181032   2
 14374.796  1  1  1  4.59E-27    -1.0 .070  H (16)O H             0.1   2 1181033   2
 14374.886  7  2 37  3.72E-29  1024.1 .033  (16)O (18)O           0.1   2 1181034   1
 14375.598  1  2  2  4.34E-27   274.8 .098  H (18)O H             0.1   2 1181035   2
 14375.617  1  1  1  5.78E-27    -1.0 .070  H (16)O H             0.1   2 1181036   2
 14375.976  1  2  2  3.57E-27   445.3 .071  H (18)O H             0.1   2 1181038   2
 14376.435  7  1 36  3.39E-27  1422.5 .029  (16)O (16)O           7.9   2 1181039   1
 14376.730  1  1  1  1.11E-24   136.2 .098  H (16)O H            16.0   2 1181040   2
 14377.121  1  1  1  2.45E-24    70.1 .101  H (16)O H            35.9   2 1181041   2
 14378.170  7  1 36  3.28E-27  1420.8 .029  (16)O (16)O           7.6   2 1181042   1
 14378.179  1  1  1  3.34E-26    -1.0 .070  H (16)O H             0.7   2 1181043   2
 14378.522  1  1  1  3.23E-26   446.7 .080  H (16)O H             0.5   2 1181044   2
 14378.959  7  2 37  5.31E-29   952.9 .034  (16)O (18)O           0.2   2 1181045   1
 14379.210  1  1  1  7.94E-27   275.5 .095  H (16)O H             0.1   2 1181046   2
 14379.687  1  1  1  1.44E-25   447.3 .092  H (16)O H             1.8   2 1181047   2
 14379.875  1  1  1  7.74E-26   888.6 .067  H (16)O H             1.0   2 1181048   2
 14380.749  7  2 37  5.11E-29   951.1 .034  (16)O (18)O           0.1   2 1181051   1
 14380.945  1  1  1  6.53E-27   704.2 .077  H (16)O H             0.1   2 1181052   2
 14381.066  1  1  1  1.68E-25   325.3 .086  H (16)O H             2.4   2 1181053   2
 14381.235  1  1  1  4.10E-26   888.6 .062  H (16)O H             0.5   2 1181055   2
 14381.946  1  1  1  6.71E-25   285.2 .085  H (16)O H            10.0   2 1181056   2
 14382.953  1  1  1  2.03E-24   285.4 .087  H (16)O H            29.6   2 1181057   2
 14383.490  1  2  2  4.17E-27   583.8 .059  H (18)O H             0.1   2 1181059   2
 14383.520  1  1  1  2.52E-27    -1.0 .070  H (16)O H             0.1   2 1181060   2
 14384.301  1  1  1  4.16E-27    -1.0 .070  H (16)O H             0.1   2 1181061   2
 14384.306  1  2  2  7.34E-27   398.4 .090  H (18)O H             0.1   2 1181062   2
 14384.693  7  2 37  7.19E-29   882.6 .035  (16)O (18)O           0.2   2 1181063   1
 14384.944  1  1  1  1.62E-25   382.5 .077  H (16)O H             2.5   2 1181064   2
 14385.806  1  1  1  3.51E-26   399.5 .102  H (16)O H             0.4   2 1181065   2
 14386.015  1  1  1  4.04E-26   300.4 .098  H (16)O H             0.5   2 1181066   2
 14386.419  1  1  1  2.29E-24   142.3 .099  H (16)O H            32.6   2 1181067   2
 14386.491  7  2 37  6.90E-29   880.8 .035  (16)O (18)O           0.2   2 1181068   1
 14386.615  1  1  1  2.01E-24    95.2 .100  H (16)O H            29.1   2 1181069   2
 14388.309  1  1  1  9.60E-26   610.1 .072  H (16)O H             1.3   2 1181071   2
 14388.958  1  1  1  6.82E-27   888.6 .092  H (16)O H             0.1   2 1181072   2
 14389.423  1  1  1  1.41E-24   206.3 .103  H (16)O H            18.4   2 1181073   2
 14389.624  1  1  1  6.94E-24   136.8 .096  H (16)O H           102.3   2 1181074   2
 14389.834  7  1 36  7.41E-27  1248.2 .031  (16)O (16)O          18.4   2 1181075   1
 14389.937  1  1  1  3.55E-25   610.3 .081  H (16)O H             4.4   2 1181076   2
 14390.306  7  2 37  9.60E-29   815.0 .036  (16)O (18)O           0.3   2 1181078   1
 14391.586  7  1 36  7.14E-27  1246.4 .031  (16)O (16)O          17.8   2 1181079   1
 14391.666  1  1  1  1.19E-26   275.5 .094  H (16)O H             0.2   2 1181080   2
 14392.112  7  2 37  9.19E-29   813.2 .036  (16)O (18)O           0.3   2 1181081   1
 14393.046  1  1  1  1.38E-26  1059.6 .065  H (16)O H             0.2   2 1181082   2
 14393.711  1  1  1  2.04E-27    -1.0 .070  H (16)O H             0.0   2 1181083   2
 14394.333  1  1  1  2.15E-26   446.7 .090  H (16)O H             0.3   2 1181085   2
 14395.308  1  1  1  2.94E-26   447.3 .089  H (16)O H             0.4   2 1181086   2
 14395.585  1  1  1  5.59E-27    -1.0 .070  H (16)O H             0.1   2 1181088   2
 14395.798  7  2 37  1.26E-28   750.0 .037  (16)O (18)O           0.4   2 1181089   1
 14395.942  1  1  1  2.67E-26   173.4 .096  H (16)O H             0.4   2 1181090   2
 14396.146  1  1  1  5.09E-26  1059.8 .056  H (16)O H             0.7   2 1181091   2
 14396.245  1  1  1  5.37E-27    -1.0 .070  H (16)O H             0.1   2 1181092   2
 14396.298  1  1  1  4.85E-27    -1.0 .070  H (16)O H             0.1   2 1181093   2
 14397.213  1  2  2  4.96E-27   445.2 .101  H (18)O H             0.1   2 1181094   2
 14397.364  1  1  1  5.19E-24   224.8 .090  H (16)O H            76.8   2 1181095   2
 14397.610  1  1  1  2.60E-26   744.2 .067  H (16)O H             0.4   2 1181096   2
 14397.613  7  2 37  1.21E-28   748.2 .037  (16)O (18)O           0.4   2 1181097   1
 14397.898  1  1  1  1.50E-26   212.2 .103  H (16)O H             0.2   2 1181098   2
 14398.038  1  1  1  4.79E-27   326.6 .086  H (16)O H             0.1   2 1181099   2
 14399.300  1  1  1  5.04E-27    -1.0 .070  H (16)O H             0.1   2 1181100   2
 14400.071  1  1  1  6.59E-26   504.0 .081  H (16)O H             0.9   2 1181103   2
 14400.329  1  1  1  1.97E-24   222.1 .089  H (16)O H            29.5   2 1181104   2
 14400.783  1  1  1  3.97E-24   212.2 .096  H (16)O H            55.4   2 1181106   2
 14401.170  7  2 37  1.64E-28   687.8 .038  (16)O (18)O           0.5   2 1181107   1
 14402.433  1  1  1  1.81E-25   756.7 .078  H (16)O H             2.1   2 1181109   2
 14402.706  7  1 36  1.52E-26  1085.2 .033  (16)O (16)O          40.2   2 1181110   1
 14402.746  1  1  1  1.85E-24   382.5 .091  H (16)O H            24.2   2 1181111   2
 14402.993  7  2 37  1.56E-28   686.0 .038  (16)O (18)O           0.5   2 1181112   1
 14403.184  1  1  1  7.15E-25   488.1 .071  H (16)O H            11.0   2 1181113   2
 14403.497  1  1  1  4.59E-27   920.2 .068  H (16)O H             0.1   2 1181114   2
 14403.641  1  1  1  5.64E-27   920.2 .053  H (16)O H             0.1   2 1181115   2
 14403.827  1  1  1  1.86E-27    -1.0 .070  H (16)O H             0.0   2 1181116   2
 14404.477  7  1 36  1.46E-26  1083.4 .033  (16)O (16)O          38.7   2 1181117   1
 14404.867  1  1  1  5.51E-24   173.4 .099  H (16)O H            76.8   2 1181118   2
 14405.783  1  1  1  6.35E-25   383.8 .091  H (16)O H             8.3   2 1181119   2
 14406.051  1  1  1  3.57E-24   300.4 .091  H (16)O H            49.5   2 1181120   2
 14406.420  7  2 37  2.09E-28   628.2 .039  (16)O (18)O           0.7   2 1181121   1
 14406.774  1  1  1  6.28E-26   757.8 .084  H (16)O H             0.7   2 1181123   2
 14406.952  1  1  1  2.39E-26    70.1 .105  H (16)O H             0.3   2 1181124   2
 14407.891  1  1  1  6.37E-27    -1.0 .070  H (16)O H             0.1   2 1181125   2
 14408.127  1  1  1  7.91E-27  1114.6 .048  H (16)O H             0.1   2 1181126   2
 14408.252  7  2 37  1.99E-28   626.4 .039  (16)O (18)O           0.6   2 1181127   1
 14408.850  1  1  1  1.43E-24   326.6 .083  H (16)O H            21.5   2 1181128   2
 14409.011  1  1  1  3.11E-25   416.2 .078  H (16)O H             4.6   2 1181130   2
 14410.028  1  1  1  4.33E-24   325.3 .081  H (16)O H            66.5   2 1181131   2
 14410.976  1  1  1  5.70E-27  1255.9 .071  H (16)O H             0.1   2 1181132   2
 14411.135  1  1  1  4.38E-27   782.4 .086  H (16)O H             0.0   2 1181133   2
 14411.343  1  1  1  2.97E-27  1327.1 .040  H (16)O H             0.0   2 1181134   2
 14411.551  7  2 37  2.63E-28   571.3 .040  (16)O (18)O           0.9   2 1181136   1
 14413.089  1  1  1  9.36E-27   399.5 .101  H (16)O H             0.1   2 1181137   2
 14413.391  7  2 37  2.49E-28   569.5 .040  (16)O (18)O           0.8   2 1181138   1
 14413.393  1  1  1  5.46E-27    -1.0 .070  H (16)O H             0.1   2 1181139   2
 14413.935  1  1  1  6.91E-25   224.8 .101  H (16)O H             9.1   2 1181140   2
 14414.469  1  1  1  5.13E-27   446.5 .091  H (16)O H             0.1   2 1181141   2
 14414.609  1  1  1  3.50E-26   927.7 .073  H (16)O H             0.4   2 1181142   2
 14414.754  1  1  1  2.72E-25   649.0 .095  H (16)O H             2.8   2 1181143   2
 14415.054  7  1 36  2.95E-26   933.5 .035  (16)O (16)O          82.1   2 1181145   1
 14415.395  1  1  1  1.72E-25    23.8 .115  H (16)O H             2.3   2 1181147   2
 14415.549  1  1  1  7.40E-27    -1.0 .070  H (16)O H             0.2   2 1181148   2
 14416.560  7  2 37  3.26E-28   517.2 .041  (16)O (18)O           1.1   2 1181150   1
 14416.842  7  1 36  2.83E-26   931.7 .035  (16)O (16)O          78.7   2 1181151   1
 14417.032  1  1  1  4.16E-27   704.2 .090  H (16)O H             0.0   2 1181152   2
 14417.166  1  1  1  5.24E-27   816.7 .076  H (16)O H             0.1   2 1181153   2
 14418.105  1  1  1  2.77E-24   447.3 .071  H (16)O H            44.6   2 1181154   2
 14418.409  7  2 37  3.08E-28   515.3 .041  (16)O (18)O           1.0   2 1181155   1
 14418.549  1  1  1  1.38E-24   275.5 .098  H (16)O H            18.1   2 1181156   2
 14418.826  1  1  1  9.74E-25   446.7 .069  H (16)O H            16.1   2 1181157   2
 14419.478  1  1  1  1.43E-26   326.6 .095  H (16)O H             0.2   2 1181158   2
 14419.689  1  1  1  2.24E-26  1122.7 .076  H (16)O H             0.2   2 1181159   2
 14419.797  1  1  1  8.20E-27   206.3 .105  H (16)O H             0.1   2 1181160   2
 14420.045  1  1  1  4.00E-27    -1.0 .070  H (16)O H             0.1   2 1181161   2
 14421.450  7  2 37  3.97E-28   465.7 .042  (16)O (18)O           1.3   2 1181162   1
 14421.516  1  1  1  1.38E-25   447.3 .088  H (16)O H             1.8   2 1181163   2
 14421.580  1  1  1  3.54E-25   504.0 .085  H (16)O H             4.5   2 1181164   2
 14421.671  1  1  1  1.17E-25   610.1 .073  H (16)O H             1.6   2 1181165   2
 14421.794  1  1  1  7.50E-26   416.2 .092  H (16)O H             1.0   2 1181166   2
 14421.794  1  1  1  3.53E-25   610.3 .070  H (16)O H             5.1   2 1181167   2
 14422.229  1  1  1  2.02E-26   325.3 .088  H (16)O H             0.3   2 1181168   2
 14422.370  1  1  1  1.09E-24   315.8 .100  H (16)O H            13.6   2 1181169   2
 14422.612  1  1  1  2.08E-26   416.2 .079  H (16)O H             0.3   2 1181171   2
 14423.296  1  1  1  1.28E-24   552.9 .079  H (16)O H            17.1   2 1181172   2
 14423.307  7  2 37  3.74E-28   463.8 .042  (16)O (18)O           1.3   2 1181173   1
 14423.468  1  1  1  4.19E-26   931.2 .081  H (16)O H             0.4   2 1181174   2
 14424.301  1  1  1  1.84E-25   742.1 .060  H (16)O H             2.8   2 1181175   2
 14424.827  1  1  1  5.19E-25   416.2 .092  H (16)O H             6.6   2 1181176   2
 14426.173  1  1  1  5.48E-25   586.5 .067  H (16)O H             8.5   2 1181177   2
 14426.218  7  2 37  4.76E-28   416.9 .043  (16)O (18)O           1.6   2 1181178   1
 14426.378  1  1  1  1.70E-24   586.2 .059  H (16)O H            29.8   2 1181179   2
 14426.880  7  1 36  5.38E-26   793.2 .037  (16)O (16)O         157.0   2 1181180   1
 14426.999  1  1  1  9.98E-27  1477.3 .094  H (16)O H             0.1   2 1181181   2
 14427.482  1  1  1  2.68E-24   399.5 .090  H (16)O H            35.2   2 1181182   2
 14427.911  1  1  1  1.40E-24   508.8 .091  H (16)O H            16.8   2 1181183   2
 14428.084  7  2 37  4.47E-28   415.0 .043  (16)O (18)O           1.5   2 1181184   1
 14428.645  1  1  1  2.27E-27    -1.0 .070  H (16)O H             0.1   2 1181185   2
 14428.685  7  1 36  5.13E-26   791.4 .037  (16)O (16)O         149.9   2 1181186   1
 14429.198  1  1  1  6.83E-26   816.7 .073  H (16)O H             0.8   2 1181187   2
 14429.541  1  1  1  2.55E-26  1122.7 .071  H (16)O H             0.3   2 1181188   2
 14429.853  1  1  1  2.73E-27    -1.0 .070  H (16)O H             0.1   2 1181189   2
 14430.028  1  1  1  6.19E-27   382.5 .092  H (16)O H             0.1   2 1181190   2
 14430.866  7  2 37  5.62E-28   370.8 .044  (16)O (18)O           1.9   2 1181192   1
 14431.732  1  1  1  1.14E-25   136.8 .096  H (16)O H             1.7   2 1181193   2
 14432.036  1  1  1  2.63E-25   709.6 .069  H (16)O H             3.6   2 1181194   2
 14432.741  7  2 37  5.25E-28   369.0 .044  (16)O (18)O           1.8   2 1181195   1
 14432.810  1  1  1  9.28E-25   744.2 .056  H (16)O H            15.3   2 1181196   2
 14432.909  1  1  1  2.63E-25   744.1 .054  H (16)O H             4.5   2 1181197   2
 14433.180  1  1  1  5.20E-25   542.9 .076  H (16)O H             7.3   2 1181198   2
 14433.623  1  1  1  8.07E-27   136.2 .102  H (16)O H             0.1   2 1181199   2
 14434.569  1  1  1  2.04E-27    -1.0 .070  H (16)O H             0.0   2 1181200   2
 14435.394  7  2 37  6.53E-28   327.4 .045  (16)O (18)O           2.3   2 1181202   1
 14436.156  1  1  1  1.64E-25   649.0 .090  H (16)O H             1.8   2 1181203   2
 14436.812  1  1  1  1.47E-25   756.7 .077  H (16)O H             1.7   2 1181204   2
 14437.278  7  2 37  6.07E-28   325.6 .045  (16)O (18)O           2.1   2 1181206   1
 14437.570  1  1  1  8.31E-25   704.2 .074  H (16)O H            10.7   2 1181207   2
 14438.045  1  1  1  1.61E-25   885.6 .058  H (16)O H             2.3   2 1181208   2
 14438.183  1  1  1  2.64E-25   920.2 .041  H (16)O H             5.2   2 1181209   2
 14438.184  7  1 36  9.22E-26   664.3 .039  (16)O (16)O         281.0   2 1181210   1
 14438.240  1  1  1  5.40E-25   920.2 .048  H (16)O H             9.1   2 1181211   2
 14438.833  1  1  1  9.74E-26   757.8 .071  H (16)O H             1.2   2 1181212   2
 14439.048  1  1  1  1.55E-25  1006.1 .068  H (16)O H             1.7   2 1181213   2
 14439.801  7  2 37  7.46E-28   286.8 .045  (16)O (18)O           2.6   2 1181214   1
 14439.889  1  1  1  2.12E-24   446.5 .101  H (16)O H            23.9   2 1181215   2
 14440.008  7  1 36  8.75E-26   662.4 .039  (16)O (16)O         266.9   2 1181216   1
 14440.240  1  1  1  3.87E-26   134.9 .103  H (16)O H             0.5   2 1181217   2
 14440.598  1  1  1  1.27E-25   882.9 .063  H (16)O H             1.7   2 1181218   2
 14441.217  1  1  1  3.28E-26   888.6 .063  H (16)O H             0.4   2 1181219   2
 14441.360  1  1  1  9.50E-26   888.6 .058  H (16)O H             1.3   2 1181220   2
 14441.694  7  2 37  6.89E-28   284.9 .045  (16)O (18)O           2.4   2 1181221   1
 14441.719  1  1  1  5.13E-25   649.0 .090  H (16)O H             5.7   2 1181222   2
 14442.190  1  1  1  2.56E-25  1114.6 .045  H (16)O H             4.0   2 1181223   2
 14442.317  1  1  1  5.83E-26  1080.4 .045  H (16)O H             0.9   2 1181224   2
 14442.650  1  1  1  7.72E-27   447.3 .078  H (16)O H             0.1   2 1181225   2
 14442.802  1  1  1  1.20E-25    70.1 .109  H (16)O H             1.6   2 1181226   2
 14442.935  1  1  1  1.21E-25   756.7 .090  H (16)O H             1.2   2 1181227   2
 14443.099  1  1  1  8.39E-27   399.5 .096  H (16)O H             0.1   2 1181228   2
 14443.602  1  1  1  1.78E-25  1079.1 .053  H (16)O H             2.4   2 1181229   2
 14443.897  1  1  1  5.37E-27    -1.0 .070  H (16)O H             0.1   2 1181230   2
 14444.087  7  2 37  8.37E-28   248.8 .046  (16)O (18)O           3.0   2 1181231   1
 14444.519  1  1  1  8.80E-27  1581.3 .055  H (16)O H             0.1   2 1181233   2
 14444.679  1  1  1  2.18E-27    -1.0 .070  H (16)O H             0.0   2 1181234   2
 14445.023  1  1  1  1.88E-25  1327.1 .025  H (16)O H             4.4   2 1181235   2
 14445.452  1  1  1  1.98E-26  1293.0 .038  H (16)O H             0.3   2 1181236   2
 14445.581  1  1  1  2.31E-26  1216.2 .060  H (16)O H             0.3   2 1181237   2
 14445.990  7  2 37  7.68E-28   246.9 .046  (16)O (18)O           2.7   2 1181238   1
 14446.099  1  1  1  9.70E-27  1525.1 .035  H (16)O H             0.1   2 1181239   2
 14446.190  1  1  1  1.10E-26  1774.8 .032  H (16)O H             0.2   2 1181240   2
 14446.347  1  1  1  2.82E-26  1524.8 .037  H (16)O H             0.4   2 1181241   2
 14446.455  1  1  1  9.07E-27   300.4 .092  H (16)O H             0.1   2 1181242   2
 14446.585  1  1  1  3.54E-26  1557.8 .036  H (16)O H             0.5   2 1181243   2
 14447.003  1  1  1  1.78E-26  1810.6 .042  H (16)O H             0.2   2 1181244   2
 14447.258  1  1  1  8.54E-27    -1.0 .070  H (16)O H             0.2   2 1181245   2
 14447.413  1  1  1  1.56E-26   222.1 .099  H (16)O H             0.2   2 1181246   2
 14447.610  1  1  1  5.96E-27   383.8 .098  H (16)O H             0.1   2 1181247   2
 14448.253  7  2 37  9.22E-28   213.5 .047  (16)O (18)O           3.3   2 1181248   1
 14448.346  1  1  1  2.79E-25   661.5 .094  H (16)O H             2.9   2 1181249   2
 14448.612  1  1  1  6.66E-27    -1.0 .070  H (16)O H             0.1   2 1181250   2
 14448.923  1  1  1  2.26E-27    -1.0 .070  H (16)O H             0.1   2 1181251   2
 14448.969  7  1 36  1.48E-25   546.7 .041  (16)O (16)O         469.5   2 1181252   1
 14449.005  1  1  1  1.30E-26   508.8 .094  H (16)O H             0.1   2 1181253   2
 14449.109  1  1  1  1.60E-26    -1.0 .070  H (16)O H             0.4   2 1181254   2
 14449.275  1  1  1  3.50E-26  1446.1 .053  H (16)O H             0.4   2 1181255   2
 14449.885  1  1  1  4.42E-27  1695.1 .045  H (16)O H             0.0   2 1181256   2
 14450.166  7  2 37  8.39E-28   211.6 .047  (16)O (18)O           3.0   2 1181257   1
 14450.771  1  1  1  4.97E-26   782.4 .087  H (16)O H             0.5   2 1181258   2
 14450.811  7  1 36  1.40E-25   544.9 .041  (16)O (16)O         443.2   2 1181259   1
 14451.467  1  1  1  8.24E-26   552.9 .083  H (16)O H             1.1   2 1181260   2
 14452.101  1  1  1  3.78E-25   602.8 .094  H (16)O H             4.1   2 1181261   2
 14452.299  7  2 37  9.96E-28   181.0 .048  (16)O (18)O           3.6   2 1181262   1
 14452.675  1  1  1  1.81E-27    -1.0 .070  H (16)O H             0.0   2 1181263   2
 14453.179  7  3 38  1.92E-28   334.6 .045  (16)O (17)O           0.7   2 1181265   1
 14454.064  1  1  1  9.07E-27  1690.7 .044  H (16)O H             0.1   2 1181267   2
 14454.222  7  2 37  8.99E-28   179.0 .048  (16)O (18)O           3.3   2 1181268   1
 14454.321  1  1  1  1.70E-25   931.2 .086  H (16)O H             1.6   2 1181269   2
 14454.914  1  1  1  2.99E-27    -1.0 .070  H (16)O H             0.1   2 1181270   2
 14455.950  1  1  1  2.07E-25   552.9 .090  H (16)O H             2.4   2 1181271   2
 14456.147  1  1  1  4.53E-26   927.7 .068  H (16)O H             0.5   2 1181272   2
 14456.223  7  2 37  1.06E-27   151.1 .049  (16)O (18)O           3.8   2 1181273   1
 14456.461  1  1  1  4.65E-26  1059.8 .062  H (16)O H             0.6   2 1181274   2
 14457.047  1  1  1  1.36E-26  1059.6 .061  H (16)O H             0.2   2 1181275   2
 14457.185  1  1  1  8.25E-27  1438.0 .061  H (16)O H             0.1   2 1181276   2
 14457.723  7  3 38  2.31E-28   292.7 .045  (16)O (17)O           0.8   2 1181277   1
 14458.157  7  2 37  9.42E-28   149.2 .049  (16)O (18)O           3.4   2 1181279   1
 14458.449  1  1  1  4.15E-26   982.9 .079  H (16)O H             0.4   2 1181280   2
 14458.676  1  1  1  4.26E-26   326.6 .093  H (16)O H             0.6   2 1181281   2
 14458.803  1  1  1  7.93E-26  1201.9 .064  H (16)O H             0.8   2 1181282   2
 14459.235  7  1 36  2.23E-25   440.6 .043  (16)O (16)O         731.7   2 1181283   1
 14460.027  7  2 37  1.09E-27   124.0 .050  (16)O (18)O           4.0   2 1181284   1
 14460.255  1  1  1  4.73E-26   816.7 .080  H (16)O H             0.5   2 1181285   2
 14460.706  1  1  1  4.34E-26    -1.0 .070  H (16)O H             1.0   2 1181286   2
 14460.775  1  1  1  4.03E-25   782.4 .089  H (16)O H             4.1   2 1181287   2
 14461.096  7  1 36  2.09E-25   438.7 .043  (16)O (16)O         685.4   2 1181288   1
 14461.906  1  1  1  2.05E-26   142.3 .107  H (16)O H             0.3   2 1181290   2
 14461.972  7  2 37  9.64E-28   122.0 .050  (16)O (18)O           3.5   2 1181291   1
 14462.131  1  1  1  3.04E-27    -1.0 .070  H (16)O H             0.1   2 1181292   2
 14462.149  7  3 38  2.85E-28   253.7 .046  (16)O (17)O           1.0   2 1181293   1
 14463.138  1  1  1  3.04E-27    -1.0 .070  H (16)O H             0.1   2 1181294   2
 14463.182  1  1  1  3.30E-27   206.3 .107  H (16)O H             0.0   2 1181295   2
 14463.711  7  2 37  1.11E-27    99.6 .051  (16)O (18)O           4.0   2 1181296   1
 14464.535  7  3 38  2.86E-28   219.4 .047  (16)O (17)O           1.0   2 1181297   1
 14464.934  1  1  1  3.95E-25   842.4 .099  H (16)O H             3.5   2 1181298   2
 14465.080  1  1  1  2.69E-26   982.9 .089  H (16)O H             0.2   2 1181299   2
 14465.668  7  2 37  9.60E-28    97.6 .051  (16)O (18)O           3.5   2 1181300   1
 14466.449  7  3 38  2.52E-28   217.5 .047  (16)O (17)O           0.9   2 1181301   1
 14467.274  7  2 37  1.09E-27    77.8 .052  (16)O (18)O           4.0   2 1181302   1
 14467.822  1  1  1  1.93E-26   446.5 .102  H (16)O H             0.2   2 1181303   2
 14467.997  1  1  1  3.41E-27    -1.0 .070  H (16)O H             0.1   2 1181304   2
 14468.125  1  1  1  1.44E-26  1216.2 .044  H (16)O H             0.2   2 1181305   2
 14468.516  1  1  1  3.47E-26  1131.8 .084  H (16)O H             0.3   2 1181306   2
 14468.985  7  1 36  3.14E-25   345.8 .045  (16)O (16)O        1060.1   2 1181308   1
 14468.997  1  1  1  2.00E-27    -1.0 .070  H (16)O H             0.0   2 1181309   2
 14469.244  7  2 37  9.29E-28    75.9 .052  (16)O (18)O           3.4   2 1181310   1
 14469.792  1  1  1  7.74E-27  1255.9 .070  H (16)O H             0.1   2 1181311   2
 14470.602  1  1  1  7.20E-27   275.5 .101  H (16)O H             0.1   2 1181312   2
 14470.716  7  2 37  1.05E-27    58.8 .053  (16)O (18)O           3.8   2 1181313   1
 14470.865  7  1 36  2.91E-25   344.0 .045  (16)O (16)O         983.1   2 1181314   1
 14471.443  1  1  1  8.72E-26  1122.7 .068  H (16)O H             0.9   2 1181315   2
 14472.047  1  1  1  2.37E-27    -1.0 .070  H (16)O H             0.1   2 1181316   2
 14472.702  7  2 37  8.67E-28    56.8 .053  (16)O (18)O           3.1   2 1181318   1
 14473.292  1  1  1  4.43E-26   136.8 .100  H (16)O H             0.6   2 1181319   2
 14474.037  7  2 37  9.73E-28    42.5 .054  (16)O (18)O           3.5   2 1181320   1
 14474.448  1  1  1  2.60E-26    95.2 .101  H (16)O H             0.4   2 1181322   2
 14474.673  7  3 38  2.90E-28   153.3 .049  (16)O (17)O           1.0   2 1181323   1
 14474.940  1  1  1  4.86E-26  1050.2 .091  H (16)O H             0.4   2 1181324   2
 14475.154  1  1  1  1.93E-26   134.9 .100  H (16)O H             0.3   2 1181325   2
 14476.042  7  2 37  7.75E-28    40.5 .054  (16)O (18)O           2.8   2 1181326   1
 14476.178  1  1  1  3.25E-25   136.8 .104  H (16)O H             4.4   2 1181327   2
 14476.230  1  1  1  2.18E-26    -1.0 .070  H (16)O H             0.5   2 1181328   2
 14476.652  7  3 38  4.50E-28   127.3 .050  (16)O (17)O           1.6   2 1181329   1
 14476.672  1  1  1  4.69E-27    -1.0 .070  H (16)O H             0.1   2 1181330   2
 14476.721  1  1  1  4.52E-27    -1.0 .070  H (16)O H             0.1   2 1181331   2
 14477.237  7  2 37  8.66E-28    29.0 .055  (16)O (18)O           3.1   2 1181332   1
 14478.217  7  1 36  4.11E-25   262.6 .046  (16)O (16)O        1422.7   2 1181333   1
 14478.599  7  3 38  3.46E-28   125.4 .050  (16)O (17)O           1.2   2 1181335   1
 14479.267  7  2 37  6.52E-28    26.9 .055  (16)O (18)O           2.3   2 1181336   1
 14480.118  7  1 36  3.76E-25   260.7 .046  (16)O (16)O        1303.1   2 1181337   1
 14480.145  1  1  1  2.00E-27    -1.0 .070  H (16)O H             0.0   2 1181338   2
 14480.316  7  2 37  7.30E-28    18.1 .057  (16)O (18)O           2.5   2 1181339   1
 14480.434  7  3 38  3.38E-28   102.2 .051  (16)O (17)O           1.2   2 1181340   1
 14480.805  1  1  1  1.00E-25    79.5 .106  H (16)O H             1.4   2 1181342   2
 14480.975  1  1  1  3.99E-27   173.4 .102  H (16)O H             0.1   2 1181343   2
 14482.142  1  1  1  9.46E-26   173.4 .095  H (16)O H             1.4   2 1181344   2
 14482.250  1  1  1  3.15E-27    -1.0 .070  H (16)O H             0.1   2 1181345   2
 14482.301  1  1  1  8.38E-27   315.8 .103  H (16)O H             0.1   2 1181346   2
 14482.386  7  2 37  5.03E-28    16.0 .057  (16)O (18)O           1.7   2 1181347   1
 14483.274  7  2 37  5.69E-28    10.0 .058  (16)O (18)O           1.9   2 1181350   1
 14483.894  1  1  1  5.08E-27   709.6 .076  H (16)O H             0.1   2 1181351   2
 14484.101  7  3 38  2.88E-28    79.9 .052  (16)O (17)O           1.0   2 1181352   1
 14484.697  1  1  1  4.57E-26  1282.9 .083  H (16)O H             0.4   2 1181355   2
 14485.427  7  2 37  3.34E-28     7.8 .058  (16)O (18)O           1.1   2 1181356   1
 14485.579  1  1  1  5.04E-26  1006.1 .083  H (16)O H             0.5   2 1181357   2
 14486.111  7  2 37  3.90E-28     4.5 .060  (16)O (18)O           1.3   2 1181358   1
 14486.934  7  1 36  4.99E-25   190.8 .048  (16)O (16)O        1754.8   2 1181359   1
 14487.649  7  3 38  9.16E-28    60.4 .053  (16)O (17)O           3.2   2 1181361   1
 14487.742  1  1  1  5.05E-27  1340.9 .072  H (16)O H             0.0   2 1181362   2
 14488.059  1  1  1  3.48E-27    -1.0 .070  H (16)O H             0.1   2 1181363   2
 14488.856  7  1 36  4.49E-25   188.9 .048  (16)O (16)O        1579.4   2 1181364   1
 14488.934  1  1  1  2.29E-26   212.2 .104  H (16)O H             0.3   2 1181365   2
 14489.627  7  3 38  2.43E-28    58.4 .053  (16)O (17)O           0.9   2 1181366   1
 14489.811  1  1  1  4.30E-26    79.5 .098  H (16)O H             0.6   2 1181367   2
 14489.925  1  1  1  7.96E-27   136.2 .100  H (16)O H             0.1   2 1181368   2
 14490.760  1  1  1  1.89E-27    -1.0 .070  H (16)O H             0.0   2 1181369   2
 14491.057  7  3 38  4.53E-28    43.6 .054  (16)O (17)O           1.6   2 1181370   1
 14492.254  1  1  1  2.78E-27    -1.0 .070  H (16)O H             0.1   2 1181371   2
 14493.064  7  3 38  3.75E-28    41.6 .054  (16)O (17)O           1.3   2 1181372   1
 14493.230  7  2 37  2.26E-28     0.0 .058  (16)O (18)O           0.8   2 1181373   1
 14493.231  1  1  1  4.08E-26   173.4 .109  H (16)O H             0.5   2 1181374   2
 14493.636  1  1  1  6.98E-26   325.3 .089  H (16)O H             1.0   2 1181375   2
 14493.894  7  2 37  1.95E-28     4.5 .057  (16)O (18)O           0.7   2 1181376   1
 14494.345  7  3 38  3.30E-28    29.7 .055  (16)O (17)O           1.1   2 1181378   1
 14494.503  1  1  1  4.90E-26   275.5 .096  H (16)O H             0.7   2 1181379   2
 14494.624  1  1  1  2.31E-26   709.6 .095  H (16)O H             0.2   2 1181380   2
 14495.007  1  1  1  6.58E-26   173.4 .097  H (16)O H             0.9   2 1181381   2
 14495.127  1  1  1  8.33E-27    -1.0 .070  H (16)O H             0.2   2 1181382   2
 14495.136  7  1 36  5.57E-25   130.4 .050  (16)O (16)O        1974.4   2 1181383   1
 14495.786  7  2 37  4.45E-28     2.6 .057  (16)O (18)O           1.6   2 1181384   1
 14496.245  7  2 37  3.79E-28    10.0 .055  (16)O (18)O           1.4   2 1181386   1
 14496.357  7  3 38  1.13E-27    27.7 .055  (16)O (17)O           3.9   2 1181387   1
 14496.624  1  1  1  5.33E-27    -1.0 .070  H (16)O H             0.1   2 1181388   2
 14497.081  7  1 36  4.88E-25   128.5 .050  (16)O (16)O        1734.0   2 1181389   1
 14497.515  7  3 38  4.47E-28    18.5 .057  (16)O (17)O           1.5   2 1181390   1
 14497.568  1  1  1  3.55E-27    -1.0 .070  H (16)O H             0.1   2 1181391   2
 14498.076  1  1  1  6.55E-27  1050.2 .086  H (16)O H             0.1   2 1181392   2
 14498.177  7  2 37  6.25E-28     8.0 .055  (16)O (18)O           2.2   2 1181393   1
 14498.475  7  2 37  5.46E-28    18.1 .054  (16)O (18)O           2.0   2 1181394   1
 14499.362  1  1  1  6.37E-27   842.4 .086  H (16)O H             0.1   2 1181395   2
 14499.605  7  3 38  1.16E-27    16.5 .057  (16)O (17)O           3.9   2 1181396   1
 14499.697  1  1  1  9.70E-27    70.1 .106  H (16)O H             0.1   2 1181397   2
 14500.367  1  1  1  1.32E-26    37.1 .111  H (16)O H             0.2   2 1181398   2
 14500.431  7  2 37  7.85E-28    16.1 .054  (16)O (18)O           2.9   2 1181399   1
 14500.583  7  2 37  6.91E-28    29.0 .053  (16)O (18)O           2.5   2 1181400   1
 14502.558  7  2 37  9.18E-28    27.0 .053  (16)O (18)O           3.4   2 1181402   1
 14502.568  7  2 37  8.08E-28    42.5 .052  (16)O (18)O           3.0   2 1181403   1
 14502.822  7  1 36  5.64E-25    81.6 .052  (16)O (16)O        1995.5   2 1181405   1
 14503.015  1  1  1  2.33E-27    -1.0 .070  H (16)O H             0.1   2 1181406   2
 14503.480  7  3 38  1.02E-27     4.6 .060  (16)O (17)O           3.3   2 1181407   1
 14504.432  7  2 37  8.95E-28    58.8 .051  (16)O (18)O           3.4   2 1181408   1
 14504.559  7  2 37  1.02E-27    40.5 .052  (16)O (18)O           3.8   2 1181409   1
 14504.601  1  1  1  2.00E-27    -1.0 .070  H (16)O H             0.0   2 1181410   2
 14504.790  1  1  1  1.90E-27    -1.0 .070  H (16)O H             0.0   2 1181411   2
 14504.795  7  1 36  4.76E-25    79.6 .052  (16)O (16)O        1686.4   2 1181412   1
 14506.042  1  1  1  4.20E-26   447.3 .107  H (16)O H             0.5   2 1181413   2
 14506.173  7  2 37  9.52E-28    77.8 .050  (16)O (18)O           3.6   2 1181414   1
 14506.436  7  2 37  1.09E-27    56.8 .051  (16)O (18)O           4.1   2 1181415   1
 14506.765  1  1  1  5.00E-27  1581.3 .063  H (16)O H             0.0   2 1181416   2
 14507.792  7  2 37  9.79E-28    99.6 .049  (16)O (18)O           3.7   2 1181418   1
 14508.190  7  2 37  1.14E-27    75.8 .050  (16)O (18)O           4.3   2 1181420   1
 14509.004  1  1  1  1.70E-26    95.2 .103  H (16)O H             0.2   2 1181421   2
 14509.288  7  2 37  9.78E-28   124.0 .048  (16)O (18)O           3.7   2 1181422   1
 14509.598  1  1  1  1.14E-25   399.5 .095  H (16)O H             1.4   2 1181423   2
 14509.820  7  2 37  1.15E-27    97.5 .049  (16)O (18)O           4.3   2 1181424   1
 14509.992  7  1 36  5.07E-25    44.2 .054  (16)O (16)O        1769.0   2 1181426   1
 14510.662  7  2 37  9.52E-28   151.1 .047  (16)O (18)O           3.6   2 1181428   1
 14511.327  7  2 37  1.13E-27   121.9 .048  (16)O (18)O           4.3   2 1181430   1
 14511.912  7  2 37  9.06E-28   181.0 .046  (16)O (18)O           3.4   2 1181431   1
 14512.004  7  1 36  4.00E-25    42.2 .054  (16)O (16)O        1397.8   2 1181432   1
 14512.357  1  1  1  1.81E-27    -1.0 .070  H (16)O H             0.0   2 1181433   2
 14512.420  1  1  1  1.18E-26   142.3 .099  H (16)O H             0.2   2 1181434   2
 14512.711  7  2 37  1.08E-27   149.1 .047  (16)O (18)O           4.1   2 1181435   1
 14513.039  7  2 37  8.43E-28   213.5 .045  (16)O (18)O           3.2   2 1181436   1
 14513.119  1  1  1  1.89E-27    -1.0 .070  H (16)O H             0.0   2 1181437   2
 14513.336  7  3 38  1.93E-28     2.7 .057  (16)O (17)O           0.7   2 1181438   1
 14513.971  7  2 37  1.02E-27   178.9 .046  (16)O (18)O           3.8   2 1181439   1
 14514.043  7  2 37  7.69E-28   248.8 .045  (16)O (18)O           2.9   2 1181440   1
 14514.129  1  1  1  5.18E-26   275.5 .097  H (16)O H             0.7   2 1181441   2
 14514.924  7  2 37  6.89E-28   286.8 .044  (16)O (18)O           2.5   2 1181443   1
 14515.027  7  2 37  3.66E-29  1025.9 .031  (16)O (18)O           0.1   2 1181444   1
 14515.108  7  2 37  9.42E-28   211.5 .045  (16)O (18)O           3.5   2 1181445   1
 14515.681  7  2 37  6.06E-28   327.4 .043  (16)O (18)O           2.2   2 1181446   1
 14515.774  7  2 37  5.02E-29   952.9 .032  (16)O (18)O           0.2   2 1181447   1
 14515.790  7  3 38  1.02E-27     8.2 .055  (16)O (17)O           3.6   2 1181448   1
 14516.097  1  1  1  6.17E-26   222.1 .097  H (16)O H             0.8   2 1181449   2
 14516.121  7  2 37  8.53E-28   246.7 .045  (16)O (18)O           3.2   2 1181450   1
 14516.314  7  2 37  5.23E-28   370.8 .042  (16)O (18)O           1.9   2 1181451   1
 14516.362  7  2 37  2.77E-29  1099.3 .030  (16)O (18)O           0.1   2 1181452   1
 14516.393  7  2 37  6.79E-29   882.6 .033  (16)O (18)O           0.2   2 1181453   1
 14516.464  1  1  1  2.92E-27    -1.0 .070  H (16)O H             0.1   2 1181454   2
 14516.647  7  1 36  3.83E-25    18.3 .057  (16)O (16)O        1295.8   2 1181455   1
 14516.822  7  2 37  4.44E-28   416.9 .041  (16)O (18)O           1.6   2 1181456   1
 14516.887  7  2 37  9.06E-29   815.0 .034  (16)O (18)O           0.3   2 1181457   1
 14517.011  7  2 37  7.59E-28   284.7 .044  (16)O (18)O           2.8   2 1181458   1
 14517.207  7  2 37  3.71E-28   465.7 .040  (16)O (18)O           1.3   2 1181460   1
 14517.227  7  2 37  3.87E-29  1023.7 .031  (16)O (18)O           0.1   2 1181461   1
 14517.254  7  2 37  1.19E-28   750.0 .035  (16)O (18)O           0.4   2 1181462   1
 14517.466  7  2 37  3.05E-28   517.2 .039  (16)O (18)O           1.1   2 1181463   1
 14517.495  7  2 37  1.54E-28   687.8 .036  (16)O (18)O           0.5   2 1181464   1
 14517.601  7  2 37  2.47E-28   571.3 .038  (16)O (18)O           0.8   2 1181465   1
 14517.611  7  2 37  1.97E-28   628.2 .037  (16)O (18)O           0.7   2 1181466   1
 14517.777  7  2 37  6.63E-28   325.3 .043  (16)O (18)O           2.4   2 1181467   1
 14517.940  1  1  1  5.45E-26    42.4 .104  H (16)O H             0.8   2 1181468   2
 14517.965  7  2 37  5.32E-29   950.7 .032  (16)O (18)O           0.2   2 1181469   1
 14518.113  7  3 38  4.86E-28    16.6 .054  (16)O (17)O           1.7   2 1181471   1
 14518.322  7  3 38  4.50E-28    29.7 .053  (16)O (17)O           1.6   2 1181473   1
 14518.419  7  2 37  5.70E-28   368.7 .042  (16)O (18)O           2.1   2 1181474   1
 14518.576  7  2 37  7.21E-29   880.4 .033  (16)O (18)O           0.2   2 1181475   1
 14518.722  1  1  1  2.18E-27    -1.0 .070  H (16)O H             0.0   2 1181476   2
 14518.732  7  1 36  2.60E-25    16.3 .057  (16)O (16)O         882.0   2 1181477   1
 14518.936  7  2 37  4.82E-28   414.8 .041  (16)O (18)O           1.7   2 1181478   1
 14519.061  7  2 37  9.64E-29   812.8 .034  (16)O (18)O           0.3   2 1181479   1
 14519.329  7  2 37  4.01E-28   463.6 .040  (16)O (18)O           1.4   2 1181480   1
 14519.420  7  2 37  1.27E-28   747.9 .035  (16)O (18)O           0.4   2 1181481   1
 14519.596  1  1  1  3.68E-27   885.6 .065  H (16)O H             0.0   2 1181482   2
 14519.598  7  2 37  3.29E-28   515.0 .039  (16)O (18)O           1.1   2 1181483   1
 14519.652  7  2 37  1.65E-28   685.6 .036  (16)O (18)O           0.5   2 1181484   1
 14519.741  7  2 37  2.65E-28   569.2 .038  (16)O (18)O           0.9   2 1181485   1
 14519.760  7  2 37  2.10E-28   626.1 .037  (16)O (18)O           0.7   2 1181486   1
 14520.298  7  3 38  3.77E-28    27.7 .053  (16)O (17)O           1.4   2 1181487   1
 14520.365  7  3 38  2.87E-28    43.6 .052  (16)O (17)O           1.0   2 1181488   1
 14521.088  1  1  1  2.18E-27    -1.0 .070  H (16)O H             0.0   2 1181489   2
 14522.280  7  3 38  4.92E-28    60.4 .051  (16)O (17)O           1.8   2 1181490   1
 14522.358  7  3 38  3.67E-28    41.7 .052  (16)O (17)O           1.3   2 1181491   1
 14522.786  7  1 36  2.05E-25     4.0 .060  (16)O (16)O         661.6   2 1181493   1
 14524.066  7  3 38  3.35E-28    79.9 .050  (16)O (17)O           1.2   2 1181494   1
 14524.876  7  3 38  3.26E-28    58.4 .051  (16)O (17)O           1.2   2 1181495   1
 14524.888  1  1  1  9.83E-27   142.3 .096  H (16)O H             0.1   2 1181496   2
 14525.723  7  3 38  3.27E-28   102.2 .049  (16)O (17)O           1.2   2 1181498   1
 14526.078  7  3 38  4.17E-28    77.9 .050  (16)O (17)O           1.5   2 1181499   1
 14526.259  7  1 36  2.72E-29  2462.4 .021  (16)O (16)O           0.0   2 1181500   1
 14526.801  1  1  1  1.85E-27    -1.0 .070  H (16)O H             0.0   2 1181501   2
 14527.257  7  3 38  2.36E-28   127.3 .048  (16)O (17)O           0.9   2 1181502   1
 14527.757  7  3 38  3.62E-28   100.2 .049  (16)O (17)O           1.3   2 1181504   1
 14528.438  1  1  1  2.43E-26   542.9 .095  H (16)O H             0.3   2 1181505   2
 14528.595  7  1 36  2.83E-29  2460.1 .021  (16)O (16)O           0.0   2 1181506   1
 14528.664  7  3 38  2.74E-28   155.2 .047  (16)O (17)O           1.0   2 1181507   1
 14529.297  7  3 38  3.90E-28   125.3 .048  (16)O (17)O           1.4   2 1181508   1
 14529.569  1  1  1  1.06E-26   446.7 .084  H (16)O H             0.1   2 1181509   2
 14529.944  7  3 38  2.58E-28   185.9 .046  (16)O (17)O           0.9   2 1181510   1
 14530.714  7  3 38  1.59E-28   153.2 .047  (16)O (17)O           0.6   2 1181511   1
 14531.023  7  1 36  1.02E-25     4.0 .057  (16)O (16)O         350.4   2 1181513   1
 14531.028  1  1  1  2.53E-27    -1.0 .070  H (16)O H             0.1   2 1181514   2
 14531.193  1  1  1  1.85E-27    -1.0 .070  H (16)O H             0.0   2 1181515   2
 14531.762  1  1  1  1.85E-27    -1.0 .070  H (16)O H             0.0   2 1181517   2
 14531.776  7  1 36  7.91E-29  2232.1 .022  (16)O (16)O           0.1   2 1181518   1
 14531.917  1  1  1  1.82E-27    -1.0 .070  H (16)O H             0.0   2 1181519   2
 14531.997  7  3 38  3.39E-28   183.8 .046  (16)O (17)O           1.2   2 1181520   1
 14532.110  7  3 38  2.62E-28   255.6 .045  (16)O (17)O           0.9   2 1181521   1
 14532.539  1  1  1  2.44E-27    -1.0 .070  H (16)O H             0.1   2 1181522   2
 14532.900  7  1 36  2.39E-25     2.1 .057  (16)O (16)O         817.2   2 1181523   1
 14533.781  7  3 38  3.84E-28   336.4 .043  (16)O (17)O           1.4   2 1181525   1
 14534.094  7  1 36  8.26E-29  2229.8 .022  (16)O (16)O           0.1   2 1181526   1
 14534.194  7  3 38  3.51E-28   253.5 .045  (16)O (17)O           1.3   2 1181527   1
 14534.412  7  3 38  1.20E-28   381.0 .042  (16)O (17)O           0.4   2 1181528   1
 14534.658  1  1  1  1.61E-26   212.2 .086  H (16)O H             0.2   2 1181529   2
 14534.924  7  3 38  6.62E-29   428.4 .041  (16)O (17)O           0.2   2 1181530   1
 14535.098  7  3 38  2.39E-28   292.5 .044  (16)O (17)O           0.9   2 1181532   1
 14535.405  1  1  1  1.50E-26   212.2 .102  H (16)O H             0.2   2 1181533   2
 14535.867  7  1 36  2.87E-25    18.3 .054  (16)O (16)O        1018.5   2 1181535   1
 14535.940  1  1  1  3.67E-27    -1.0 .070  H (16)O H             0.1   2 1181536   2
 14536.515  7  3 38  7.61E-28   378.9 .042  (16)O (17)O           2.7   2 1181537   1
 14536.711  7  1 36  2.18E-28  2012.9 .023  (16)O (16)O           0.4   2 1181538   1
 14536.857  1  1  1  1.32E-26   885.6 .092  H (16)O H             0.1   2 1181539   2
 14537.266  1  1  1  1.47E-25   399.5 .106  H (16)O H             1.6   2 1181540   2
 14537.817  7  1 36  4.16E-25    16.4 .054  (16)O (16)O        1479.2   2 1181541   1
 14539.011  7  1 36  2.28E-28  2010.6 .023  (16)O (16)O           0.4   2 1181542   1
 14540.191  7  1 36  4.21E-25    44.2 .052  (16)O (16)O        1528.8   2 1181543   1
 14540.728  1  1  1  9.15E-27   206.3 .088  H (16)O H             0.1   2 1181544   2
 14541.069  7  1 36  5.66E-28  1804.9 .024  (16)O (16)O           1.2   2 1181545   1
 14542.178  7  1 36  5.36E-25    42.2 .052  (16)O (16)O        1950.9   2 1181546   1
 14542.623  1  1  1  4.36E-26   224.8 .097  H (16)O H             0.6   2 1181547   2
 14543.351  7  1 36  5.93E-28  1802.6 .024  (16)O (16)O           1.2   2 1181548   1
 14543.993  7  1 36  4.91E-25    81.6 .050  (16)O (16)O        1803.8   2 1181550   1
 14544.002  1  1  1  1.96E-27    -1.0 .070  H (16)O H             0.0   2 1181551   2
 14544.855  7  1 36  1.39E-27  1608.1 .026  (16)O (16)O           3.2   2 1181553   1
 14545.659  1  1  1  2.40E-26   315.8 .090  H (16)O H             0.3   2 1181554   2
 14546.009  7  1 36  5.89E-25    79.6 .050  (16)O (16)O        2165.6   2 1181556   1
 14546.406  1  1  1  4.50E-27   782.4 .092  H (16)O H             0.0   2 1181557   2
 14547.120  7  1 36  1.46E-27  1605.8 .026  (16)O (16)O           3.3   2 1181558   1
 14547.272  7  1 36  4.98E-25   130.4 .048  (16)O (16)O        1828.8   2 1181559   1
 14548.074  7  1 36  3.21E-27  1422.5 .027  (16)O (16)O           7.9   2 1181561   1
 14549.311  7  1 36  5.76E-25   128.4 .048  (16)O (16)O        2118.6   2 1181564   1
 14549.690  1  1  1  4.66E-27   602.8 .093  H (16)O H             0.1   2 1181565   2
 14550.025  7  1 36  4.54E-25   190.8 .046  (16)O (16)O        1653.7   2 1181566   1
 14550.101  1  1  1  2.92E-27    -1.0 .070  H (16)O H             0.1   2 1181567   2
 14550.322  7  1 36  3.38E-27  1420.3 .027  (16)O (16)O           8.4   2 1181568   1
 14550.732  7  1 36  7.00E-27  1248.2 .029  (16)O (16)O          18.5   2 1181569   1
 14551.346  1  1  1  6.07E-26    23.8 .108  H (16)O H             0.9   2 1181570   2
 14551.578  1  1  1  3.40E-26   704.2 .083  H (16)O H             0.4   2 1181571   2
 14552.087  7  1 36  5.13E-25   188.7 .046  (16)O (16)O        1871.7   2 1181572   1
 14552.210  1  1  1  2.08E-27    -1.0 .070  H (16)O H             0.0   2 1181573   2
 14552.251  7  1 36  3.78E-25   262.6 .045  (16)O (16)O        1356.0   2 1181574   1
 14552.832  7  1 36  1.44E-26  1085.2 .031  (16)O (16)O          40.4   2 1181575   1
 14552.961  7  1 36  7.40E-27  1246.0 .029  (16)O (16)O          19.6   2 1181576   1
 14553.048  1  1  1  4.29E-27    -1.0 .070  H (16)O H             0.1   2 1181577   2
 14553.227  1  1  1  5.72E-27   586.5 .089  H (16)O H             0.1   2 1181578   2
 14553.764  1  1  1  8.40E-26   446.5 .095  H (16)O H             1.0   2 1181580   2
 14553.947  7  1 36  2.91E-25   345.8 .043  (16)O (16)O        1021.9   2 1181581   1
 14554.333  7  1 36  4.20E-25   260.5 .045  (16)O (16)O        1509.7   2 1181582   1
 14554.336  1  1  1  1.92E-27    -1.0 .070  H (16)O H             0.0   2 1181583   2
 14554.379  7  1 36  2.79E-26   933.5 .033  (16)O (16)O          82.1   2 1181584   1
 14555.044  7  1 36  1.52E-26  1083.0 .031  (16)O (16)O          42.8   2 1181585   1
 14555.111  7  1 36  2.08E-25   440.6 .041  (16)O (16)O         711.9   2 1181586   1
 14555.377  7  1 36  5.07E-26   793.2 .035  (16)O (16)O         156.0   2 1181588   1
 14555.739  7  1 36  1.39E-25   546.7 .039  (16)O (16)O         460.5   2 1181590   1
 14555.829  7  1 36  8.66E-26   664.3 .037  (16)O (16)O         277.5   2 1181591   1
 14555.926  1  1  1  1.88E-26   446.5 .090  H (16)O H             0.2   2 1181592   2
 14555.996  1  1  1  1.93E-26    70.1 .103  H (16)O H             0.3   2 1181593   2
 14556.049  7  1 36  3.19E-25   343.7 .043  (16)O (16)O        1124.1   2 1181594   1
 14556.573  7  1 36  2.96E-26   931.3 .033  (16)O (16)O          87.5   2 1181596   1
 14557.009  1  1  1  5.48E-26   173.4 .096  H (16)O H             0.8   2 1181597   2
 14557.232  7  1 36  2.26E-25   438.4 .041  (16)O (16)O         775.4   2 1181598   1
 14557.552  7  1 36  5.41E-26   791.0 .035  (16)O (16)O         166.9   2 1181599   1
 14557.841  1  1  1  5.44E-27    -1.0 .070  H (16)O H             0.1   2 1181600   2
 14557.878  7  1 36  1.50E-25   544.6 .039  (16)O (16)O         498.1   2 1181601   1
 14557.982  1  1  1  6.71E-27    -1.0 .070  H (16)O H             0.2   2 1181602   2
 14557.986  7  1 36  9.29E-26   662.1 .037  (16)O (16)O         298.2   2 1181603   1
 14558.367  1  1  1  2.86E-26   399.5 .098  H (16)O H             0.3   2 1181604   2
 14560.226  1  1  1  2.84E-27    -1.0 .070  H (16)O H             0.1   2 1181606   2
 14560.424  1  1  1  2.67E-26   224.8 .096  H (16)O H             0.4   2 1181607   2
 14560.617  1  1  1  4.93E-26   300.4 .087  H (16)O H             0.7   2 1181608   2
 14560.867  1  1  1  1.35E-26    95.2 .104  H (16)O H             0.2   2 1181609   2
 14561.052  1  1  1  8.41E-26   325.3 .096  H (16)O H             1.1   2 1181610   2
 14561.781  1  1  1  2.71E-26   602.8 .090  H (16)O H             0.3   2 1181611   2
 14562.065  1  1  1  2.33E-27    -1.0 .070  H (16)O H             0.1   2 1181612   2
 14562.461  1  1  1  2.46E-27    -1.0 .070  H (16)O H             0.1   2 1181613   2
 14563.074  1  1  1  4.56E-27   542.9 .096  H (16)O H             0.1   2 1181614   2
 14564.009  1  1  1  9.12E-27   315.8 .095  H (16)O H             0.1   2 1181616   2
 14564.325  1  1  1  5.30E-26   136.8 .107  H (16)O H             0.7   2 1181617   2
 14566.184  1  1  1  5.45E-27   134.9 .104  H (16)O H             0.1   2 1181618   2
 14566.997  1  1  1  4.46E-26   542.9 .085  H (16)O H             0.6   2 1181620   2
 14567.248  1  1  1  1.82E-26   586.2 .072  H (16)O H             0.3   2 1181621   2
 14567.475  1  1  1  7.22E-27   508.8 .088  H (16)O H             0.1   2 1181622   2
 14568.795  1  1  1  4.64E-27   649.0 .083  H (16)O H             0.1   2 1181624   2
 14569.786  1  1  1  1.55E-26   326.6 .090  H (16)O H             0.2   2 1181626   2
 14571.689  1  1  1  1.67E-26   212.2 .105  H (16)O H             0.2   2 1181627   2
 14572.296  1  1  1  5.08E-26   782.4 .090  H (16)O H             0.5   2 1181628   2
 14573.327  1  1  1  7.90E-27   704.2 .090  H (16)O H             0.1   2 1181629   2
 14574.159  1  1  1  2.09E-27    -1.0 .070  H (16)O H             0.0   2 1181631   2
 14574.842  1  1  1  2.14E-26    79.5 .103  H (16)O H             0.3   2 1181632   2
 14574.988  1  1  1  5.84E-27   382.5 .081  H (16)O H             0.1   2 1181633   2
 14576.023  1  1  1  1.07E-26   222.1 .100  H (16)O H             0.1   2 1181636   2
 14577.085  1  1  1  1.60E-26   300.4 .088  H (16)O H             0.2   2 1181637   2
 14577.179  1  1  1  3.52E-27   206.3 .098  H (16)O H             0.0   2 1181638   2
 14577.413  1  1  1  1.29E-26   326.6 .092  H (16)O H             0.2   2 1181639   2
 14578.202  1  1  1  4.93E-27   416.2 .083  H (16)O H             0.1   2 1181641   2
 14578.639  1  1  1  5.92E-27   882.9 .115  H (16)O H             0.0   2 1181642   2
 14579.825  1  1  1  5.56E-27   136.8 .101  H (16)O H             0.1   2 1181643   2
 14580.510  1  1  1  8.82E-27   552.9 .083  H (16)O H             0.1   2 1181644   2
 14580.510  1  1  1  9.05E-27   142.3 .100  H (16)O H             0.1   2 1181645   2
 14582.215  1  1  1  1.74E-26   416.2 .080  H (16)O H             0.3   2 1181646   2
  Line1,Line2,NLINES = 448743 448743 448743
     Freq    G  I  S   Stren      E"   PBHW   Isotopomer         E-wid  Lay  Line#  TG
  Line1,Line2,NLINES = 5909 5909 5909
     Freq    G  I  S   Stren      E"   PBHW   Isotopomer         E-wid  Lay  Line#  TG
  Line1,Line2,NLINES = 5909 5909 5909
     Freq    G  I  S   Stren      E"   PBHW   Isotopomer         E-wid  Lay  Line#  TG
 723 lines (all linelists) with S > TNULST
