
  Spectrum        Zobs   Pobs    ASZA    BEND    FOVO    TANG
                   km    mbar    deg.    deg.    mrad     km
 Reading pa20040721.mod for pa20040721saaaaa.049 
  Unable to find vmr profiles 
 pa20040721.vmr                                                                  
 Reading  for pa20040721saaaaa.049 
pa20040721saaaaa.049     0.4420  950.7000   39.6840    0.0138    0.0024    0.4989    0.0001
  Cannot find vmr profile pa20040721.vmr  Will re-use: gnd_summer.vmr
pa20040721saaaab.049     0.4420  950.7000   39.6840    0.0139    0.0024    0.4989    0.0001
  Cannot find vmr profile pa20040721.vmr  Will re-use: gnd_summer.vmr
pa20040721saaaaa.125     0.4420  950.6000   63.7990    0.0335    0.0024    0.4998    0.0001
  Cannot find vmr profile pa20040721.vmr  Will re-use: gnd_summer.vmr
pa20040721saaaab.125     0.4420  950.6000   63.7990    0.0338    0.0024    0.4998    0.0001
  Cannot find vmr profile pa20040721.vmr  Will re-use: gnd_summer.vmr
pa20040721saaaaa.182     0.4420  950.4000   82.2720    0.1144    0.0024    0.5016    0.0001
  Cannot find vmr profile pa20040721.vmr  Will re-use: gnd_summer.vmr
pa20040721saaaab.182     0.4420  950.4000   82.2720    0.1151    0.0024    0.5016    0.0001
  Cannot find vmr profile pa20040721.vmr  Will re-use: gnd_summer.vmr
pa20040721saaaaa.185     0.4420  950.6000   82.8250    0.1221    0.0024    0.4998    0.0001
  Cannot find vmr profile pa20040721.vmr  Will re-use: gnd_summer.vmr
pa20040721saaaab.185     0.4420  950.6000   82.8250    0.1229    0.0024    0.4998    0.0001
 Reading pa20041222.mod for pa20041222saaaaa.021 
  Cannot find vmr profile pa20041222.vmr  Will re-use: gnd_summer.vmr
pa20041222saaaaa.021     0.4420  965.1000   82.8480    0.1350    0.0024    0.4367    0.0001
  Cannot find vmr profile pa20041222.vmr  Will re-use: gnd_summer.vmr
pa20041222saaaab.021     0.4420  965.1000   82.8480    0.1359    0.0024    0.4367    0.0001
  Cannot find vmr profile pa20041222.vmr  Will re-use: gnd_summer.vmr
pa20041222saaaaa.022     0.4420  965.3000   82.4520    0.1287    0.0024    0.4352    0.0001
  Cannot find vmr profile pa20041222.vmr  Will re-use: gnd_summer.vmr
pa20041222saaaab.022     0.4420  965.3000   82.4520    0.1295    0.0024    0.4352    0.0001
