  iwin     window                    Nrow     Npp    NIT  %Conv  RMS_Min  RMS_Mean  RMS_Max
  1  air_4444.pa_h2o.col                6       6   0.00   0.00   7.1940   8.7542   9.9999
  2  hf_4038.pa_h2o.col                 6       6   8.00  83.33   0.0183   0.0311   1.1476
  3  h2o_6076.pa_h2o.col                6       6   8.17 100.00   0.2898   0.3697   0.5913
  4  h2o_6099.pa_h2o.col                6       6   5.67 100.00   0.1244   0.2429   0.4884
  5  h2o_6125.pa_h2o.col                6       6   6.00 100.00   0.2164   0.3168   0.7505
  6  h2o_6177.pa_h2o.col                6       6   6.00 100.00   0.1369   0.1811   0.3270
  7  h2o_6255.pa_h2o.col                6       6   6.17 100.00   0.1563   0.2218   0.3770
  8  h2o_6301.pa_h2o.col                6       6   6.33 100.00   0.2055   0.2412   0.3102
  9  h2o_6392.pa_h2o.col                6       6   6.33 100.00   0.1275   0.1732   0.3661
 10  h2o_6401.pa_h2o.col                6       6   6.50 100.00   0.1160   0.1529   0.2049
 11  h2o_6469.pa_h2o.col                6       6   6.67 100.00   0.2716   0.3903   1.2922
 12  co_4233.pa_h2o.col                 6       6   6.17 100.00   0.0580   0.0819   0.3795
 13  co_4290.pa_h2o.col                 6       6   6.00 100.00   0.0606   0.0797   0.3459
 14  n2o_4389.pa_h2o.col                6       6   6.83 100.00   0.0530   0.0703   0.2205
 15  n2o_4429.pa_h2o.col                6       6   6.50 100.00   0.0434   0.0602   0.2030
 16  ch4_5938.pa_h2o.col                6       6   6.00 100.00   0.3875   0.5267   0.7596
 17  ch4_6002.pa_h2o.col                6       6   8.17 100.00   0.3491   0.5422   0.8370
 18  ch4_6076.pa_h2o.col                6       6   6.67 100.00   0.2858   0.3874   0.5657
 19  co2_6220.pa_h2o.col                6       6   6.33 100.00   0.2373   0.2608   0.3189
 20  co2_6339.pa_h2o.col                6       6   6.33 100.00   0.2675   0.3075   0.3907
 21  o2_7885.pa_h2o.col                 6       6   7.33 100.00   0.3565   0.4398   0.6007
 22  hcl_5577.pa_h2o.col                6       6   7.83 100.00   0.0640   0.1232   0.6369
 23  hcl_5597.pa_h2o.col                6       6   7.50  83.33   0.0404   0.0729   0.1825
 24  hcl_5625.pa_h2o.col                6       6   5.67 100.00   0.0752   0.1030   0.1640
 25  hcl_5683.pa_h2o.col                6       6   5.83 100.00   0.1003   0.1276   0.2578
 26  hcl_5687.pa_h2o.col                6       6   6.00 100.00   0.1502   0.2652   0.3838
 27  hcl_5702.pa_h2o.col                6       6   6.33 100.00   0.1547   0.1954   0.2485
 28  hcl_5706.pa_h2o.col                6       6   6.00 100.00   0.1388   0.2341   0.4174
 29  hcl_5719.pa_h2o.col                6       6   6.00 100.00   0.3181   0.5695   1.1368
 30  hcl_5735.pa_h2o.col                6       6   5.67 100.00   0.0737   0.1327   0.2917
 31  hcl_5739.pa_h2o.col                6       6   7.00 100.00   0.1438   0.2383   0.4613
 32  hcl_5749.pa_h2o.col                6       6   5.83 100.00   0.1309   0.2248   0.4020
 33  hcl_5754.pa_h2o.col                6       6   6.00 100.00   0.1996   0.2932   0.6883
 34  hcl_5763.pa_h2o.col                6       6   5.83 100.00   0.1388   0.1861   0.2468
 35  hcl_5767.pa_h2o.col                6       6   6.00 100.00   0.1326   0.2421   0.4402
 36  hcl_5779.pa_h2o.col                6       6   6.33 100.00   0.1087   0.1773   0.4705
 37  hcl_5790.pa_h2o.col                6       6   5.83 100.00   0.1071   0.1647   0.2595
