 Pre-computing VACs from  5789.695312  to  5791.204688 cm-1 :
   392 grid points at a primitive point spacing of 0.0038602961 cm-1
 NU1 =  5770.88721    NU2 =  5810.01279    NUOFF =   18.8081044
  Line1,Line2,NLINES = 1553404 1553794 1615728
     Freq    G  I  S   Stren      E"   PBHW   Isotopomer         E-wid  Lay  Line#  TG
  5775.352 15  2 56  1.42E-21   436.90.033  H (37)Cl              0.4   1 1553448   1
  5779.549 15  1 55  4.46E-21   437.60.033  H (35)Cl              2.7   1 1553503   1
  5783.988  1  1  1  6.49E-24   325.30.087  H (16)O H             0.1   2 1553549   2
  5785.231  1  1  1  5.08E-24  1050.20.082  H (16)O H             0.1   2 1553564   2
  5786.204 15  2 56  8.05E-22   582.10.026  H (37)Cl              4.1   1 1553580   1
  5789.064  6  1 32  6.62E-23   293.10.064  (12)C H4              0.1   2 1553600   3
  5789.205  6  1 32  1.81E-22    62.70.066  (12)C H4              0.5   2 1553601   3
  5789.523  6  1 32  9.24E-24   219.90.064  (12)C H4              0.2   2 1553605   3
  5789.578  6  1 32  2.42E-23   293.10.064  (12)C H4              0.6   2 1553606   3
  5789.579  1  1  1  2.39E-26   744.10.068  H (16)O H             0.2   2 1553607   2
  5789.595  1  3  3  7.18E-27   883.70.063  H (17)O H             0.1   2 1553608   2
  5789.646  1  1  1  5.37E-25  1201.90.070  H (16)O H             3.5   2 1553609   2
  5789.776  6  1 32  1.11E-23   293.10.064  (12)C H4              0.3   2 1553610   3
  5789.813  6  1 32  4.32E-24   376.80.058  (12)C H4              0.1   2 1553611   3
  5789.849  6  1 32  2.04E-23   575.20.054  (12)C H4              0.5   2 1553612   3
  5789.917  6  1 32  4.19E-24   470.80.058  (12)C H4              0.1   2 1553613   3
  5789.950  6  1 32  4.07E-24   376.80.058  (12)C H4              0.1   2 1553614   3
  5789.979  6  1 32  1.91E-23   293.10.064  (12)C H4              0.5   2 1553615   3
  5790.004  6  1 32  6.21E-24   575.20.054  (12)C H4              0.1   2 1553616   3
  5790.032  6  1 32  1.18E-23   470.80.058  (12)C H4              0.3   2 1553617   3
  5790.092  6  1 32  6.78E-24   575.20.054  (12)C H4              0.2   2 1553618   3
  5790.273  6  1 32  1.07E-22   157.10.066  (12)C H4              2.8   2 1553619   3
  5790.285  6  1 32  1.95E-22   293.10.064  (12)C H4              4.6   2 1553620   3
  5790.388  6  1 32  9.66E-23   219.90.064  (12)C H4              2.4   2 1553621   3
  5790.410 15  1 55  2.52E-21   583.00.026  H (35)Cl          *******   1 1553622   1
  5790.413  6  1 32  7.14E-24   104.70.066  (12)C H4              0.2   2 1553623   3
  5790.448  6  1 32  8.20E-23   219.90.064  (12)C H4              2.1   2 1553624   3
  5790.518  6  1 32  5.81E-24   376.80.058  (12)C H4              0.1   2 1553625   3
  5790.855  6  1 32  5.61E-24   555.60.055  (12)C H4              0.1   2 1553627   3
  5790.971  6  1 32  1.14E-23   555.60.055  (12)C H4              0.3   2 1553628   3
  5791.364  6  1 32  6.69E-24   575.20.054  (12)C H4              0.1   2 1553631   3
  5791.478  6  1 32  5.87E-23   219.90.064  (12)C H4              0.4   2 1553633   3
  5793.030  1  1  1  5.12E-24   744.10.070  H (16)O H             0.3   2 1553649   2
  5795.759 15  2 56  4.05E-22   747.80.020  H (37)Cl              1.2   1 1553673   1
  5799.970 15  1 55  1.27E-21   749.00.020  H (35)Cl              1.0   1 1553720   1
  5804.006 15  2 56  1.83E-22   934.00.016  H (37)Cl              0.1   1 1553749   1
  5808.220 15  1 55  5.70E-22   935.40.016  H (35)Cl              0.1   1 1553784   1
  Line1,Line2,NLINES = 498106 498106 498106
     Freq    G  I  S   Stren      E"   PBHW   Isotopomer         E-wid  Lay  Line#  TG
  Line1,Line2,NLINES = 1908 1908 5909
     Freq    G  I  S   Stren      E"   PBHW   Isotopomer         E-wid  Lay  Line#  TG
  Line1,Line2,NLINES = 1908 1908 5909
     Freq    G  I  S   Stren      E"   PBHW   Isotopomer         E-wid  Lay  Line#  TG
 277 lines (all linelists) with S > TNULST
