  iwin     window                    Nrow     Npp   NIT  %Conv  RMS_Min  RMS_Mean  RMS_Max
  1  air_4444.pa_h2o.col                6       6   0.00   0.00   9.9999   9.9999   9.9999
  2  hf_4038.pa_h2o.col                 6       6  10.00  66.67   0.1889   0.3308   9.9999
  3  h2o_6076.pa_h2o.col                6       6   8.17 100.00   0.2897   0.3696   0.5912
  4  h2o_6099.pa_h2o.col                6       6   5.67 100.00   0.1244   0.2429   0.4884
  5  h2o_6125.pa_h2o.col                6       6   6.00 100.00   0.2141   0.3135   0.7425
  6  h2o_6177.pa_h2o.col                6       6   6.00 100.00   0.1360   0.1799   0.3250
  7  h2o_6255.pa_h2o.col                6       6   6.17 100.00   0.1561   0.2215   0.3763
  8  h2o_6301.pa_h2o.col                6       6   6.33 100.00   0.2054   0.2410   0.3099
  9  h2o_6392.pa_h2o.col                6       6   6.33 100.00   0.1275   0.1732   0.3661
 10  h2o_6401.pa_h2o.col                6       6   6.50 100.00   0.1160   0.1529   0.2048
 11  h2o_6469.pa_h2o.col                6       6   6.67 100.00   0.2714   0.3901   1.2920
 12  hdo_4054.pa_h2o.col                6       6   7.33 100.00   0.4140   0.5505   1.2777
 13  hdo_4116.pa_h2o.col                6       6   7.00 100.00   0.6991   1.0218   1.3034
 14  hdo_4212.pa_h2o.col                6       6   7.00 100.00   0.4880   0.7675   1.1547
 15  hdo_4232.pa_h2o.col                6       6   6.50 100.00   0.6623   1.0379   1.4348
 16  co_4233.pa_h2o.col                 6       6   6.50 100.00   0.6335   0.9692   1.4448
 17  co_4290.pa_h2o.col                 6       6   6.33 100.00   0.5811   0.9145   1.3166
 18  n2o_4389.pa_h2o.col                6       6   7.17 100.00   0.3626   0.6523   1.1483
 19  n2o_4429.pa_h2o.col                6       6   7.00 100.00   0.3395   0.5906   1.0336
 20  ch4_5938.pa_h2o.col                6       6   6.00 100.00   0.3870   0.5253   0.7570
 21  ch4_6002.pa_h2o.col                6       6   9.17 100.00   0.3466   0.5383   0.8306
 22  ch4_6076.pa_h2o.col                6       6   6.67 100.00   0.2756   0.3791   0.5617
 23  co2_6220.pa_h2o.col                6       6   6.33 100.00   0.2373   0.2622   0.3200
 24  co2_6339.pa_h2o.col                6       6   6.33 100.00   0.2674   0.3074   0.3906
 25  o2_7885.pa_h2o.col                 6       6   7.50 100.00   0.2951   0.3734   0.5572
 26  hcl_5577.pa_h2o.col                6       6   8.50 100.00   0.0914   0.1696   0.9928
 27  hcl_5597.pa_h2o.col                6       6   6.50 100.00   0.0534   0.0958   0.2393
 28  hcl_5625.pa_h2o.col                6       6   5.83 100.00   0.0960   0.1381   0.1945
 29  hcl_5683.pa_h2o.col                6       6   6.17 100.00   0.1168   0.1465   0.2899
 30  hcl_5687.pa_h2o.col                6       6   6.00 100.00   0.1744   0.2926   0.4020
 31  hcl_5702.pa_h2o.col                6       6   8.83  83.33   0.1700   0.2253   0.6519
 32  hcl_5706.pa_h2o.col                6       6   6.00 100.00   0.1827   0.2839   0.4580
 33  hcl_5719.pa_h2o.col                6       6   6.17 100.00   0.3365   0.5952   1.1885
 34  hcl_5735.pa_h2o.col                6       6   6.00 100.00   0.1034   0.1700   0.3212
 35  hcl_5739.pa_h2o.col                6       6   7.00 100.00   0.1740   0.2752   0.4921
 36  hcl_5749.pa_h2o.col                6       6   5.83 100.00   0.1535   0.2561   0.4321
 37  hcl_5754.pa_h2o.col                6       6   6.00 100.00   0.2269   0.3304   0.7149
 38  hcl_5763.pa_h2o.col                6       6   5.83 100.00   0.1583   0.2080   0.2761
 39  hcl_5767.pa_h2o.col                6       6   6.00 100.00   0.1551   0.2703   0.4587
 40  hcl_5779.pa_h2o.col                6       6   6.33 100.00   0.1358   0.2109   0.4836
 41  hcl_5790.pa_h2o.col                6       6   5.83 100.00   0.1346   0.2001   0.3060
