    1 pin07266.534            -0.0000376    0.0138167    0.0001841
    2 pin07266.535            -0.0000366    0.0132477    0.0001841
    3 pin07266.536            -0.0000357    0.0128934    0.0001534
    4 pin07266.537            -0.0000346    0.0124396    0.0001538
    5 pin07266.538            -0.0000337    0.0118961    0.0001192
    6 pin07266.539            -0.0000327    0.0113901    0.0001177
    7 pin07266.540            -0.0000317    0.0109484    0.0000916
    8 pin07266.541            -0.0000307    0.0105641    0.0000889
    9 pin07266.542            -0.0000298    0.0101790    0.0000726
   10 pin07266.543            -0.0000288    0.0098194    0.0000642
   11 pin07266.544            -0.0000278    0.0096329    0.0000642
   12 pin07266.545            -0.0000268    0.0091919    0.0000457
   13 pin07266.546            -0.0000258    0.0087773    0.0000597
   14 pin07266.547            -0.0000248    0.0084760    0.0000377
   15 pin07266.548            -0.0000238    0.0080776    0.0000667
   16 pin07266.549            -0.0000228    0.0077177    0.0000492
   17 pin07266.550            -0.0000219    0.0074495    0.0000788
   18 pin07266.551            -0.0000209    0.0071300    0.0000662
   19 pin07266.552            -0.0000199    0.0068961    0.0000919
   20 pin07266.553            -0.0000189    0.0067287    0.0000803
   21 pin07266.554            -0.0000179    0.0064576    0.0001566
   22 pin07266.555            -0.0000169    0.0063102    0.0000965
   23 pin07266.556            -0.0000158    0.0062429    0.0001475
   24 pin07266.557            -0.0000149    0.0059833    0.0001098
   25 pin07266.558            -0.0000139    0.0059534    0.0001423
   26 pin07266.559            -0.0000129    0.0058091    0.0001186
   27 pin07266.560            -0.0000119    0.0055727    0.0001432
   28 pin07266.561            -0.0000110    0.0054658    0.0001325
   29 pin07266.562            -0.0000099    0.0054090    0.0001402
   30 pin07266.563            -0.0000090    0.0052329    0.0001429
   31 pin07266.564            -0.0000079    0.0051214    0.0001448
   32 pin07266.565            -0.0000070    0.0051239    0.0001488
   33 pin07266.566            -0.0000060    0.0050330    0.0001442
   34 pin07266.567            -0.0000050    0.0048861    0.0001601
   35 pin07266.568            -0.0000040    0.0048704    0.0001490
   36 pin07266.569            -0.0000030    0.0048514    0.0001613
   37 pin07266.570            -0.0000020    0.0048915    0.0001498
   38 pin07266.571            -0.0000010    0.0048165    0.0001654
   39 pin07266.572             0.0000000    0.0047506    0.0001696
   40 pin07266.573             0.0000010    0.0048042    0.0001048
   41 pin07266.574             0.0000019    0.0048787    0.0002084
   42 pin07266.575             0.0000030    0.0049476    0.0002062
   43 pin07266.576             0.0000040    0.0049234    0.0001943
